<html>
<body>
<pre>
<h1>Vision Build Log</h1>
<h2>Tool Versions:</h2>
IDE-Version: μVision V5.38.0.0
Copyright (C) 2022 ARM Ltd and ARM Germany GmbH. All rights reserved.
License Information: 212 稚初, 21, LIC=UJWP0-BVLJ9-UHC8H-WU170-MW3ZE-RX2HB
 
Tool Versions:
Toolchain:       MDK-ARM Plus  Version: 5.38.0.0
Toolchain Path:  C:\Keil_v5\ARM\ARMCC\Bin
C Compiler:      Armcc.exe V5.06 update 7 (build 960)
Assembler:       Armasm.exe V5.06 update 7 (build 960)
Linker/Locator:  ArmLink.exe V5.06 update 7 (build 960)
Library Manager: ArmAr.exe V5.06 update 7 (build 960)
Hex Converter:   FromElf.exe V5.06 update 7 (build 960)
CPU DLL:         SARMCM3.DLL V5.38.0.0
Dialog DLL:      DCM.DLL V1.17.5.0
Target DLL:      UL2CM3.DLL V1.164.8.0
Dialog DLL:      TCM.DLL V1.56.4.0
 
<h2>Project:</h2>
F:\嵌入式\5 bcl5＋云平台\USER\Template.uvprojx
Project File Date:  12/13/2024

<h2>Output:</h2>
*** Using Compiler 'V5.06 update 7 (build 960)', folder: 'C:\Keil_v5\ARM\ARMCC\Bin'
Rebuild target 'Project'
assembling startup_stm32f10x_hd.s...
compiling core_cm3.c...
compiling stm32f10x_fsmc.c...
compiling stm32f10x_exti.c...
compiling stm32f10x_can.c...
compiling stm32f10x_cec.c...
compiling misc.c...
compiling stm32f10x_crc.c...
compiling stm32f10x_dac.c...
compiling stm32f10x_dma.c...
compiling stm32f10x_dbgmcu.c...
compiling stm32f10x_adc.c...
compiling stm32f10x_bkp.c...
compiling stm32f10x_flash.c...
compiling stm32f10x_gpio.c...
compiling stm32f10x_i2c.c...
compiling stm32f10x_iwdg.c...
compiling stm32f10x_pwr.c...
compiling stm32f10x_rcc.c...
compiling stm32f10x_rtc.c...
compiling stm32f10x_sdio.c...
compiling stm32f10x_spi.c...
compiling stm32f10x_usart.c...
compiling stm32f10x_tim.c...
compiling stm32f10x_wwdg.c...
compiling sys.c...
compiling delay.c...
compiling usart.c...
..\SYSTEM\usart\usart.c(171): error:  #247: function "USART2_IRQHandler"  has already been defined
  void USART2_IRQHandler(void)                	//串口2中断服务程序
..\SYSTEM\usart\usart.c: 0 warnings, 1 error
compiling stm32f10x_it.c...
compiling mq.c...
compiling system_stm32f10x.c...
compiling dht11.c...
compiling oled.c...
..\HARDWARE\OLED\oled.c(174): warning:  #186-D: pointless comparison of unsigned integer with zero
  	if((x1<0)||(x2>128)||(y1<0)||(y2>64)||(x1>x2)||(y1>y2))return;
..\HARDWARE\OLED\oled.c(174): warning:  #186-D: pointless comparison of unsigned integer with zero
  	if((x1<0)||(x2>128)||(y1<0)||(y2>64)||(x1>x2)||(y1>y2))return;
..\HARDWARE\OLED\oled.c(173): warning:  #177-D: variable "y0"  was declared but never referenced
  	u8 i,k,k1,k2,y0;
..\HARDWARE\OLED\oled.c: 3 warnings, 0 errors
compiling main.c...
main.c(51): warning:  #192-D: unrecognized character escape sequence
  		OLED_ShowString(16*5,16,"\%RH",16);	//%RH
main.c(181): error: At end of source:  #67: expected a "}"
main.c: 1 warning, 1 error
compiling vl53l1_api_calibration.c...
compiling vl53l1_error_strings.c...
compiling vl53l1_api.c...
compiling vl53l1_api_debug.c...
compiling vl53l1_api_strings.c...
compiling vl53l1_api_preset_modes.c...
compiling vl53l1_core_support.c...
compiling vl53l1_core.c...
compiling vl53l1_api_core.c...
compiling vl53l1_register_funcs.c...
compiling vl53l1_silicon_core.c...
compiling led.c...
compiling vl53l1x_i2c.c...
compiling bc25.c...
compiling vl53l1_wait.c...
compiling vl53l1_platform.c...
compiling vl53l1x.c...
"..\OBJ\Templete.axf" - 2 Error(s), 4 Warning(s).

<h2>Software Packages used:</h2>

Package Vendor: Keil
                https://www.keil.com/pack/Keil.STM32F1xx_DFP.2.4.1.pack
                Keil.STM32F1xx_DFP.2.4.1
                STMicroelectronics STM32F1 Series Device Support, Drivers and Examples

<h2>Collection of Component include folders:</h2>
  C:/Users/稚初/AppData/Local/Arm/Packs/Keil/STM32F1xx_DFP/2.4.1/Device/Include

<h2>Collection of Component Files used:</h2>
Target not created.
Build Time Elapsed:  00:00:06
</pre>
</body>
</html>
